This is XeTeX, Version 3.141592653-2.6-0.999995 (TeX Live 2023) (preloaded format=xelatex 2023.12.13)  7 APR 2024 23:24
entering extended mode
 \write18 enabled.
 file:line:error style messages enabled.
 %&-line parsing enabled.
**d:/Home/Documents/qc_and_qi/main
(d:/Home/Documents/qc_and_qi/main.tex
LaTeX2e <2022-11-01> patch level 1
L3 programming layer <2023-02-22> (c:/texlive/2023/texmf-dist/tex/latex/easybook/easybook.cls (c:/texlive/2023/texmf-dist/tex/latex/l3packages/l3keys2e/l3keys2e.sty (c:/texlive/2023/texmf-dist/tex/latex/l3kernel/expl3.sty
Package: expl3 2023-02-22 L3 programming layer (loader) 
 (c:/texlive/2023/texmf-dist/tex/latex/l3backend/l3backend-xetex.def
File: l3backend-xetex.def 2023-01-16 L3 backend support: XeTeX
\g__graphics_track_int=\count181
\l__pdf_internal_box=\box51
\g__pdf_backend_object_int=\count182
\g__pdf_backend_annotation_int=\count183
\g__pdf_backend_link_int=\count184
))
Package: l3keys2e 2023-02-02 LaTeX2e option processing using LaTeX3 keys
)
Document Class: easybook 2022/11/08 v1.71D Easily typesetting Chinese theses or books
(c:/texlive/2023/texmf-dist/tex/latex/ctex/ctexbook.cls (c:/texlive/2023/texmf-dist/tex/latex/ctex/config/ctexbackend.cfg
File: ctexbackend.cfg 2022/07/14 v2.5.10 Backend configuration file (CTEX)
)
Document Class: ctexbook 2022/07/14 v2.5.10 Chinese adapter for class book (CTEX)
(c:/texlive/2023/texmf-dist/tex/latex/ctex/ctexhook.sty
Package: ctexhook 2022/07/14 v2.5.10 Document and package hooks (CTEX)
) (c:/texlive/2023/texmf-dist/tex/latex/ctex/ctexpatch.sty
Package: ctexpatch 2022/07/14 v2.5.10 Patching commands (CTEX)
) (c:/texlive/2023/texmf-dist/tex/latex/base/fix-cm.sty
Package: fix-cm 2020/11/24 v1.1t fixes to LaTeX
 (c:/texlive/2023/texmf-dist/tex/latex/base/ts1enc.def
File: ts1enc.def 2001/06/05 v3.0e (jk/car/fm) Standard LaTeX file
LaTeX Font Info:    Redeclaring font encoding TS1 on input line 47.
))
\l__ctex_tmp_int=\count185
\l__ctex_tmp_box=\box52
\l__ctex_tmp_dim=\dimen140
\g__ctex_section_depth_int=\count186
\g__ctex_font_size_int=\count187
 (c:/texlive/2023/texmf-dist/tex/latex/ctex/config/ctexopts.cfg
File: ctexopts.cfg 2022/07/14 v2.5.10 Option configuration file (CTEX)
) (c:/texlive/2023/texmf-dist/tex/latex/base/book.cls
Document Class: book 2022/07/02 v1.4n Standard LaTeX document class
(c:/texlive/2023/texmf-dist/tex/latex/base/bk10.clo
File: bk10.clo 2022/07/02 v1.4n Standard LaTeX file (size option)
)
\c@part=\count188
\c@chapter=\count189
\c@section=\count190
\c@subsection=\count191
\c@subsubsection=\count192
\c@paragraph=\count193
\c@subparagraph=\count194
\c@figure=\count195
\c@table=\count196
\abovecaptionskip=\skip48
\belowcaptionskip=\skip49
\bibindent=\dimen141
) (c:/texlive/2023/texmf-dist/tex/latex/ctex/engine/ctex-engine-xetex.def
File: ctex-engine-xetex.def 2022/07/14 v2.5.10 XeLaTeX adapter (CTEX)
 (c:/texlive/2023/texmf-dist/tex/xelatex/xecjk/xeCJK.sty
Package: xeCJK 2022/08/05 v3.9.1 Typesetting CJK scripts with XeLaTeX
 (c:/texlive/2023/texmf-dist/tex/latex/l3packages/xtemplate/xtemplate.sty
Package: xtemplate 2023-02-02 L3 Experimental prototype document functions
\l__xtemplate_tmp_dim=\dimen142
\l__xtemplate_tmp_int=\count197
\l__xtemplate_tmp_muskip=\muskip16
\l__xtemplate_tmp_skip=\skip50
)
\l__xeCJK_tmp_int=\count198
\l__xeCJK_tmp_box=\box53
\l__xeCJK_tmp_dim=\dimen143
\l__xeCJK_tmp_skip=\skip51
\g__xeCJK_space_factor_int=\count199
\l__xeCJK_begin_int=\count266
\l__xeCJK_end_int=\count267
\c__xeCJK_CJK_class_int=\XeTeXcharclass1
\c__xeCJK_FullLeft_class_int=\XeTeXcharclass2
\c__xeCJK_FullRight_class_int=\XeTeXcharclass3
\c__xeCJK_HalfLeft_class_int=\XeTeXcharclass4
\c__xeCJK_HalfRight_class_int=\XeTeXcharclass5
\c__xeCJK_NormalSpace_class_int=\XeTeXcharclass6
\c__xeCJK_CM_class_int=\XeTeXcharclass7
\c__xeCJK_HangulJamo_class_int=\XeTeXcharclass8
\l__xeCJK_last_skip=\skip52
\c__xeCJK_none_node=\count268
\g__xeCJK_node_int=\count269
\c__xeCJK_CJK_node_dim=\dimen144
\c__xeCJK_CJK-space_node_dim=\dimen145
\c__xeCJK_default_node_dim=\dimen146
\c__xeCJK_CJK-widow_node_dim=\dimen147
\c__xeCJK_normalspace_node_dim=\dimen148
\c__xeCJK_default-space_node_skip=\skip53
\l__xeCJK_ccglue_skip=\skip54
\l__xeCJK_ecglue_skip=\skip55
\l__xeCJK_punct_kern_skip=\skip56
\l__xeCJK_indent_box=\box54
\l__xeCJK_last_penalty_int=\count270
\l__xeCJK_last_bound_dim=\dimen149
\l__xeCJK_last_kern_dim=\dimen150
\l__xeCJK_widow_penalty_int=\count271

Package xtemplate Info: Declaring object type 'xeCJK/punctuation' taking 0
(xtemplate)             argument(s) on line 2396.

\l__xeCJK_fixed_punct_width_dim=\dimen151
\l__xeCJK_mixed_punct_width_dim=\dimen152
\l__xeCJK_middle_punct_width_dim=\dimen153
\l__xeCJK_fixed_margin_width_dim=\dimen154
\l__xeCJK_mixed_margin_width_dim=\dimen155
\l__xeCJK_middle_margin_width_dim=\dimen156
\l__xeCJK_bound_punct_width_dim=\dimen157
\l__xeCJK_bound_margin_width_dim=\dimen158
\l__xeCJK_margin_minimum_dim=\dimen159
\l__xeCJK_kerning_total_width_dim=\dimen160
\l__xeCJK_same_align_margin_dim=\dimen161
\l__xeCJK_different_align_margin_dim=\dimen162
\l__xeCJK_kerning_margin_width_dim=\dimen163
\l__xeCJK_kerning_margin_minimum_dim=\dimen164
\l__xeCJK_bound_dim=\dimen165
\l__xeCJK_reverse_bound_dim=\dimen166
\l__xeCJK_margin_dim=\dimen167
\l__xeCJK_minimum_bound_dim=\dimen168
\l__xeCJK_kerning_margin_dim=\dimen169
\g__xeCJK_family_int=\count272
\l__xeCJK_fam_int=\count273
\g__xeCJK_fam_allocation_int=\count274
\l__xeCJK_verb_case_int=\count275
\l__xeCJK_verb_exspace_skip=\skip57
 (c:/texlive/2023/texmf-dist/tex/latex/fontspec/fontspec.sty (c:/texlive/2023/texmf-dist/tex/latex/l3packages/xparse/xparse.sty
Package: xparse 2023-02-02 L3 Experimental document command parser
)
Package: fontspec 2022/01/15 v2.8a Font selection for XeLaTeX and LuaLaTeX
 (c:/texlive/2023/texmf-dist/tex/latex/fontspec/fontspec-xetex.sty
Package: fontspec-xetex 2022/01/15 v2.8a Font selection for XeLaTeX and LuaLaTeX
\l__fontspec_script_int=\count276
\l__fontspec_language_int=\count277
\l__fontspec_strnum_int=\count278
\l__fontspec_tmp_int=\count279
\l__fontspec_tmpa_int=\count280
\l__fontspec_tmpb_int=\count281
\l__fontspec_tmpc_int=\count282
\l__fontspec_em_int=\count283
\l__fontspec_emdef_int=\count284
\l__fontspec_strong_int=\count285
\l__fontspec_strongdef_int=\count286
\l__fontspec_tmpa_dim=\dimen170
\l__fontspec_tmpb_dim=\dimen171
\l__fontspec_tmpc_dim=\dimen172
 (c:/texlive/2023/texmf-dist/tex/latex/base/fontenc.sty
Package: fontenc 2021/04/29 v2.0v Standard LaTeX package
) (c:/texlive/2023/texmf-dist/tex/latex/fontspec/fontspec.cfg))) (c:/texlive/2023/texmf-dist/tex/xelatex/xecjk/xeCJK.cfg
File: xeCJK.cfg 2022/08/05 v3.9.1 Configuration file for xeCJK package
))
\ccwd=\dimen173
\l__ctex_ccglue_skip=\skip58
)
\l__ctex_ziju_dim=\dimen174
 (c:/texlive/2023/texmf-dist/tex/latex/zhnumber/zhnumber.sty
Package: zhnumber 2022/07/14 v3.0 Typesetting numbers with Chinese glyphs
\l__zhnum_scale_int=\count287
\l__zhnum_tmp_int=\count288
 (c:/texlive/2023/texmf-dist/tex/latex/zhnumber/zhnumber-utf8.cfg
File: zhnumber-utf8.cfg 2022/07/14 v3.0 Chinese numerals with UTF8 encoding
))
\l__ctex_heading_skip=\skip59
 (c:/texlive/2023/texmf-dist/tex/latex/ctex/scheme/ctex-scheme-chinese-book.def
File: ctex-scheme-chinese-book.def 2022/07/14 v2.5.10 Chinese scheme for book (CTEX)
 (c:/texlive/2023/texmf-dist/tex/latex/ctex/config/ctex-name-utf8.cfg
File: ctex-name-utf8.cfg 2022/07/14 v2.5.10 Caption with encoding UTF-8 (CTEX)
)) (c:/texlive/2023/texmf-dist/tex/latex/ctex/fontset/ctex-fontset-windows.def
File: ctex-fontset-windows.def 2022/07/14 v2.5.10 Windows fonts definition (CTEX)
)) (c:/texlive/2023/texmf-dist/tex/latex/ctex/config/ctex.cfg
File: ctex.cfg 2022/07/14 v2.5.10 Configuration file (CTEX)
) (c:/texlive/2023/texmf-dist/tex/latex/easybook/easybase.sty (c:/texlive/2023/texmf-dist/tex/latex/etoolbox/etoolbox.sty
Package: etoolbox 2020/10/05 v2.5k e-TeX tools for LaTeX (JAW)
\etb@tempcnta=\count289
)
Package: easybase 2022/11/08 v1.71D Easily typesetting Chinese theses or books
 (c:/texlive/2023/texmf-dist/tex/latex/spbmark/spbmark.sty
Package: spbmark 2022/10/15 v1.42 Customize superscripts and subscripts
\l__super_i_outer_box=\box55
\l__super_i_inner_box=\box56
\l__sub_i_outer_box=\box57
\l__sub_i_inner_box=\box58
\l__super_ii_box=\box59
\l__sub_ii_box=\box60
\llastwd=\dimen175
\clastwd=\dimen176
\rlastwd=\dimen177
) (c:/texlive/2023/texmf-dist/tex/generic/ulem/ulem.sty
\UL@box=\box61
\UL@hyphenbox=\box62
\UL@skip=\skip60
\UL@hook=\toks16
\UL@height=\dimen178
\UL@pe=\count290
\UL@pixel=\dimen179
\ULC@box=\box63
Package: ulem 2019/11/18
\ULdepth=\dimen180
) (c:/texlive/2023/texmf-dist/tex/latex/enumitem/enumitem.sty
Package: enumitem 2019/06/20 v3.9 Customized lists
\enitkv@toks@=\toks17
\labelindent=\skip61
\enit@outerparindent=\dimen181
\enit@toks=\toks18
\enit@inbox=\box64
\enit@count@id=\count291
\enitdp@description=\count292
) (c:/texlive/2023/texmf-dist/tex/latex/chemformula/chemformula.sty (c:/texlive/2023/texmf-dist/tex/latex/pgf/frontendlayer/tikz.sty (c:/texlive/2023/texmf-dist/tex/latex/pgf/basiclayer/pgf.sty (c:/texlive/2023/texmf-dist/tex/latex/pgf/utilities/pgfrcs.sty (c:/texlive/2023/texmf-dist/tex/generic/pgf/utilities/pgfutil-common.tex
\pgfutil@everybye=\toks19
\pgfutil@tempdima=\dimen182
\pgfutil@tempdimb=\dimen183
) (c:/texlive/2023/texmf-dist/tex/generic/pgf/utilities/pgfutil-latex.def
\pgfutil@abb=\box65
) (c:/texlive/2023/texmf-dist/tex/generic/pgf/utilities/pgfrcs.code.tex (c:/texlive/2023/texmf-dist/tex/generic/pgf/pgf.revision.tex)
Package: pgfrcs 2023-01-15 v3.1.10 (3.1.10)
))
Package: pgf 2023-01-15 v3.1.10 (3.1.10)
 (c:/texlive/2023/texmf-dist/tex/latex/pgf/basiclayer/pgfcore.sty (c:/texlive/2023/texmf-dist/tex/latex/graphics/graphicx.sty
Package: graphicx 2021/09/16 v1.2d Enhanced LaTeX Graphics (DPC,SPQR)
 (c:/texlive/2023/texmf-dist/tex/latex/graphics/keyval.sty
Package: keyval 2022/05/29 v1.15 key=value parser (DPC)
\KV@toks@=\toks20
) (c:/texlive/2023/texmf-dist/tex/latex/graphics/graphics.sty
Package: graphics 2022/03/10 v1.4e Standard LaTeX Graphics (DPC,SPQR)
 (c:/texlive/2023/texmf-dist/tex/latex/graphics/trig.sty
Package: trig 2021/08/11 v1.11 sin cos tan (DPC)
) (c:/texlive/2023/texmf-dist/tex/latex/graphics-cfg/graphics.cfg
File: graphics.cfg 2016/06/04 v1.11 sample graphics configuration
)
Package graphics Info: Driver file: xetex.def on input line 107.
 (c:/texlive/2023/texmf-dist/tex/latex/graphics-def/xetex.def
File: xetex.def 2022/09/22 v5.0n Graphics/color driver for xetex
))
\Gin@req@height=\dimen184
\Gin@req@width=\dimen185
) (c:/texlive/2023/texmf-dist/tex/latex/pgf/systemlayer/pgfsys.sty (c:/texlive/2023/texmf-dist/tex/generic/pgf/systemlayer/pgfsys.code.tex
Package: pgfsys 2023-01-15 v3.1.10 (3.1.10)
 (c:/texlive/2023/texmf-dist/tex/generic/pgf/utilities/pgfkeys.code.tex
\pgfkeys@pathtoks=\toks21
\pgfkeys@temptoks=\toks22
 (c:/texlive/2023/texmf-dist/tex/generic/pgf/utilities/pgfkeyslibraryfiltered.code.tex
\pgfkeys@tmptoks=\toks23
))
\pgf@x=\dimen186
\pgf@y=\dimen187
\pgf@xa=\dimen188
\pgf@ya=\dimen189
\pgf@xb=\dimen190
\pgf@yb=\dimen191
\pgf@xc=\dimen192
\pgf@yc=\dimen193
\pgf@xd=\dimen194
\pgf@yd=\dimen195
\w@pgf@writea=\write3
\r@pgf@reada=\read2
\c@pgf@counta=\count293
\c@pgf@countb=\count294
\c@pgf@countc=\count295
\c@pgf@countd=\count296
\t@pgf@toka=\toks24
\t@pgf@tokb=\toks25
\t@pgf@tokc=\toks26
\pgf@sys@id@count=\count297
 (c:/texlive/2023/texmf-dist/tex/generic/pgf/systemlayer/pgf.cfg
File: pgf.cfg 2023-01-15 v3.1.10 (3.1.10)
)
Driver file for pgf: pgfsys-xetex.def
 (c:/texlive/2023/texmf-dist/tex/generic/pgf/systemlayer/pgfsys-xetex.def
File: pgfsys-xetex.def 2023-01-15 v3.1.10 (3.1.10)
 (c:/texlive/2023/texmf-dist/tex/generic/pgf/systemlayer/pgfsys-dvipdfmx.def
File: pgfsys-dvipdfmx.def 2023-01-15 v3.1.10 (3.1.10)
 (c:/texlive/2023/texmf-dist/tex/generic/pgf/systemlayer/pgfsys-common-pdf.def
File: pgfsys-common-pdf.def 2023-01-15 v3.1.10 (3.1.10)
)
\pgfsys@objnum=\count298
))) (c:/texlive/2023/texmf-dist/tex/generic/pgf/systemlayer/pgfsyssoftpath.code.tex
File: pgfsyssoftpath.code.tex 2023-01-15 v3.1.10 (3.1.10)
\pgfsyssoftpath@smallbuffer@items=\count299
\pgfsyssoftpath@bigbuffer@items=\count300
) (c:/texlive/2023/texmf-dist/tex/generic/pgf/systemlayer/pgfsysprotocol.code.tex
File: pgfsysprotocol.code.tex 2023-01-15 v3.1.10 (3.1.10)
)) (c:/texlive/2023/texmf-dist/tex/latex/xcolor/xcolor.sty
Package: xcolor 2022/06/12 v2.14 LaTeX color extensions (UK)
 (c:/texlive/2023/texmf-dist/tex/latex/graphics-cfg/color.cfg
File: color.cfg 2016/01/02 v1.6 sample color configuration
)
Package xcolor Info: Driver file: xetex.def on input line 227.
 (c:/texlive/2023/texmf-dist/tex/latex/graphics/mathcolor.ltx)
Package xcolor Info: Model `cmy' substituted by `cmy0' on input line 1353.
Package xcolor Info: Model `RGB' extended on input line 1369.
Package xcolor Info: Model `HTML' substituted by `rgb' on input line 1371.
Package xcolor Info: Model `Hsb' substituted by `hsb' on input line 1372.
Package xcolor Info: Model `tHsb' substituted by `hsb' on input line 1373.
Package xcolor Info: Model `HSB' substituted by `hsb' on input line 1374.
Package xcolor Info: Model `Gray' substituted by `gray' on input line 1375.
Package xcolor Info: Model `wave' substituted by `hsb' on input line 1376.
 (c:/texlive/2023/texmf-dist/tex/latex/graphics/dvipsnam.def
File: dvipsnam.def 2016/06/17 v3.0m Driver-dependent file (DPC,SPQR)
) (c:/texlive/2023/texmf-dist/tex/latex/xcolor/svgnam.def
File: svgnam.def 2022/06/12 v2.14 Predefined colors according to SVG 1.1 (UK)
) (c:/texlive/2023/texmf-dist/tex/latex/xcolor/x11nam.def
File: x11nam.def 2022/06/12 v2.14 Predefined colors according to Unix/X11 (UK)
)) (c:/texlive/2023/texmf-dist/tex/generic/pgf/basiclayer/pgfcore.code.tex
Package: pgfcore 2023-01-15 v3.1.10 (3.1.10)
 (c:/texlive/2023/texmf-dist/tex/generic/pgf/math/pgfmath.code.tex (c:/texlive/2023/texmf-dist/tex/generic/pgf/math/pgfmathutil.code.tex) (c:/texlive/2023/texmf-dist/tex/generic/pgf/math/pgfmathparser.code.tex
\pgfmath@dimen=\dimen196
\pgfmath@count=\count301
\pgfmath@box=\box66
\pgfmath@toks=\toks27
\pgfmath@stack@operand=\toks28
\pgfmath@stack@operation=\toks29
) (c:/texlive/2023/texmf-dist/tex/generic/pgf/math/pgfmathfunctions.code.tex) (c:/texlive/2023/texmf-dist/tex/generic/pgf/math/pgfmathfunctions.basic.code.tex) (c:/texlive/2023/texmf-dist/tex/generic/pgf/math/pgfmathfunctions.trigonometric.code.tex) (c:/texlive/2023/texmf-dist/tex/generic/pgf/math/pgfmathfunctions.random.code.tex) (c:/texlive/2023/texmf-dist/tex/generic/pgf/math/pgfmathfunctions.comparison.code.tex) (c:/texlive/2023/texmf-dist/tex/generic/pgf/math/pgfmathfunctions.base.code.tex) (c:/texlive/2023/texmf-dist/tex/generic/pgf/math/pgfmathfunctions.round.code.tex) (c:/texlive/2023/texmf-dist/tex/generic/pgf/math/pgfmathfunctions.misc.code.tex) (c:/texlive/2023/texmf-dist/tex/generic/pgf/math/pgfmathfunctions.integerarithmetics.code.tex) (c:/texlive/2023/texmf-dist/tex/generic/pgf/math/pgfmathcalc.code.tex) (c:/texlive/2023/texmf-dist/tex/generic/pgf/math/pgfmathfloat.code.tex
\c@pgfmathroundto@lastzeros=\count302
)) (c:/texlive/2023/texmf-dist/tex/generic/pgf/math/pgfint.code.tex) (c:/texlive/2023/texmf-dist/tex/generic/pgf/basiclayer/pgfcorepoints.code.tex
File: pgfcorepoints.code.tex 2023-01-15 v3.1.10 (3.1.10)
\pgf@picminx=\dimen197
\pgf@picmaxx=\dimen198
\pgf@picminy=\dimen199
\pgf@picmaxy=\dimen256
\pgf@pathminx=\dimen257
\pgf@pathmaxx=\dimen258
\pgf@pathminy=\dimen259
\pgf@pathmaxy=\dimen260
\pgf@xx=\dimen261
\pgf@xy=\dimen262
\pgf@yx=\dimen263
\pgf@yy=\dimen264
\pgf@zx=\dimen265
\pgf@zy=\dimen266
) (c:/texlive/2023/texmf-dist/tex/generic/pgf/basiclayer/pgfcorepathconstruct.code.tex
File: pgfcorepathconstruct.code.tex 2023-01-15 v3.1.10 (3.1.10)
\pgf@path@lastx=\dimen267
\pgf@path@lasty=\dimen268
) (c:/texlive/2023/texmf-dist/tex/generic/pgf/basiclayer/pgfcorepathusage.code.tex
File: pgfcorepathusage.code.tex 2023-01-15 v3.1.10 (3.1.10)
\pgf@shorten@end@additional=\dimen269
\pgf@shorten@start@additional=\dimen270
) (c:/texlive/2023/texmf-dist/tex/generic/pgf/basiclayer/pgfcorescopes.code.tex
File: pgfcorescopes.code.tex 2023-01-15 v3.1.10 (3.1.10)
\pgfpic=\box67
\pgf@hbox=\box68
\pgf@layerbox@main=\box69
\pgf@picture@serial@count=\count303
) (c:/texlive/2023/texmf-dist/tex/generic/pgf/basiclayer/pgfcoregraphicstate.code.tex
File: pgfcoregraphicstate.code.tex 2023-01-15 v3.1.10 (3.1.10)
\pgflinewidth=\dimen271
) (c:/texlive/2023/texmf-dist/tex/generic/pgf/basiclayer/pgfcoretransformations.code.tex
File: pgfcoretransformations.code.tex 2023-01-15 v3.1.10 (3.1.10)
\pgf@pt@x=\dimen272
\pgf@pt@y=\dimen273
\pgf@pt@temp=\dimen274
) (c:/texlive/2023/texmf-dist/tex/generic/pgf/basiclayer/pgfcorequick.code.tex
File: pgfcorequick.code.tex 2023-01-15 v3.1.10 (3.1.10)
) (c:/texlive/2023/texmf-dist/tex/generic/pgf/basiclayer/pgfcoreobjects.code.tex
File: pgfcoreobjects.code.tex 2023-01-15 v3.1.10 (3.1.10)
) (c:/texlive/2023/texmf-dist/tex/generic/pgf/basiclayer/pgfcorepathprocessing.code.tex
File: pgfcorepathprocessing.code.tex 2023-01-15 v3.1.10 (3.1.10)
) (c:/texlive/2023/texmf-dist/tex/generic/pgf/basiclayer/pgfcorearrows.code.tex
File: pgfcorearrows.code.tex 2023-01-15 v3.1.10 (3.1.10)
\pgfarrowsep=\dimen275
) (c:/texlive/2023/texmf-dist/tex/generic/pgf/basiclayer/pgfcoreshade.code.tex
File: pgfcoreshade.code.tex 2023-01-15 v3.1.10 (3.1.10)
\pgf@max=\dimen276
\pgf@sys@shading@range@num=\count304
\pgf@shadingcount=\count305
) (c:/texlive/2023/texmf-dist/tex/generic/pgf/basiclayer/pgfcoreimage.code.tex
File: pgfcoreimage.code.tex 2023-01-15 v3.1.10 (3.1.10)
) (c:/texlive/2023/texmf-dist/tex/generic/pgf/basiclayer/pgfcoreexternal.code.tex
File: pgfcoreexternal.code.tex 2023-01-15 v3.1.10 (3.1.10)
\pgfexternal@startupbox=\box70
) (c:/texlive/2023/texmf-dist/tex/generic/pgf/basiclayer/pgfcorelayers.code.tex
File: pgfcorelayers.code.tex 2023-01-15 v3.1.10 (3.1.10)
) (c:/texlive/2023/texmf-dist/tex/generic/pgf/basiclayer/pgfcoretransparency.code.tex
File: pgfcoretransparency.code.tex 2023-01-15 v3.1.10 (3.1.10)
) (c:/texlive/2023/texmf-dist/tex/generic/pgf/basiclayer/pgfcorepatterns.code.tex
File: pgfcorepatterns.code.tex 2023-01-15 v3.1.10 (3.1.10)
) (c:/texlive/2023/texmf-dist/tex/generic/pgf/basiclayer/pgfcorerdf.code.tex
File: pgfcorerdf.code.tex 2023-01-15 v3.1.10 (3.1.10)
))) (c:/texlive/2023/texmf-dist/tex/generic/pgf/modules/pgfmoduleshapes.code.tex
File: pgfmoduleshapes.code.tex 2023-01-15 v3.1.10 (3.1.10)
\pgfnodeparttextbox=\box71
) (c:/texlive/2023/texmf-dist/tex/generic/pgf/modules/pgfmoduleplot.code.tex
File: pgfmoduleplot.code.tex 2023-01-15 v3.1.10 (3.1.10)
) (c:/texlive/2023/texmf-dist/tex/latex/pgf/compatibility/pgfcomp-version-0-65.sty
Package: pgfcomp-version-0-65 2023-01-15 v3.1.10 (3.1.10)
\pgf@nodesepstart=\dimen277
\pgf@nodesepend=\dimen278
) (c:/texlive/2023/texmf-dist/tex/latex/pgf/compatibility/pgfcomp-version-1-18.sty
Package: pgfcomp-version-1-18 2023-01-15 v3.1.10 (3.1.10)
)) (c:/texlive/2023/texmf-dist/tex/latex/pgf/utilities/pgffor.sty (c:/texlive/2023/texmf-dist/tex/latex/pgf/utilities/pgfkeys.sty (c:/texlive/2023/texmf-dist/tex/generic/pgf/utilities/pgfkeys.code.tex)) (c:/texlive/2023/texmf-dist/tex/latex/pgf/math/pgfmath.sty (c:/texlive/2023/texmf-dist/tex/generic/pgf/math/pgfmath.code.tex)) (c:/texlive/2023/texmf-dist/tex/generic/pgf/utilities/pgffor.code.tex
Package: pgffor 2023-01-15 v3.1.10 (3.1.10)
\pgffor@iter=\dimen279
\pgffor@skip=\dimen280
\pgffor@stack=\toks30
\pgffor@toks=\toks31
)) (c:/texlive/2023/texmf-dist/tex/generic/pgf/frontendlayer/tikz/tikz.code.tex
Package: tikz 2023-01-15 v3.1.10 (3.1.10)
 (c:/texlive/2023/texmf-dist/tex/generic/pgf/libraries/pgflibraryplothandlers.code.tex
File: pgflibraryplothandlers.code.tex 2023-01-15 v3.1.10 (3.1.10)
\pgf@plot@mark@count=\count306
\pgfplotmarksize=\dimen281
)
\tikz@lastx=\dimen282
\tikz@lasty=\dimen283
\tikz@lastxsaved=\dimen284
\tikz@lastysaved=\dimen285
\tikz@lastmovetox=\dimen286
\tikz@lastmovetoy=\dimen287
\tikzleveldistance=\dimen288
\tikzsiblingdistance=\dimen289
\tikz@figbox=\box72
\tikz@figbox@bg=\box73
\tikz@tempbox=\box74
\tikz@tempbox@bg=\box75
\tikztreelevel=\count307
\tikznumberofchildren=\count308
\tikznumberofcurrentchild=\count309
\tikz@fig@count=\count310
 (c:/texlive/2023/texmf-dist/tex/generic/pgf/modules/pgfmodulematrix.code.tex
File: pgfmodulematrix.code.tex 2023-01-15 v3.1.10 (3.1.10)
\pgfmatrixcurrentrow=\count311
\pgfmatrixcurrentcolumn=\count312
\pgf@matrix@numberofcolumns=\count313
)
\tikz@expandcount=\count314
 (c:/texlive/2023/texmf-dist/tex/generic/pgf/frontendlayer/tikz/libraries/tikzlibrarytopaths.code.tex
File: tikzlibrarytopaths.code.tex 2023-01-15 v3.1.10 (3.1.10)
))) (c:/texlive/2023/texmf-dist/tex/latex/amsmath/amsmath.sty
Package: amsmath 2022/04/08 v2.17n AMS math features
\@mathmargin=\skip62

For additional information on amsmath, use the `?' option.
(c:/texlive/2023/texmf-dist/tex/latex/amsmath/amstext.sty
Package: amstext 2021/08/26 v2.01 AMS text
 (c:/texlive/2023/texmf-dist/tex/latex/amsmath/amsgen.sty
File: amsgen.sty 1999/11/30 v2.0 generic functions
\@emptytoks=\toks32
\ex@=\dimen290
)) (c:/texlive/2023/texmf-dist/tex/latex/amsmath/amsbsy.sty
Package: amsbsy 1999/11/29 v1.2d Bold Symbols
\pmbraise@=\dimen291
) (c:/texlive/2023/texmf-dist/tex/latex/amsmath/amsopn.sty
Package: amsopn 2022/04/08 v2.04 operator names
)
\inf@bad=\count315
LaTeX Info: Redefining \frac on input line 234.
\uproot@=\count316
\leftroot@=\count317
LaTeX Info: Redefining \overline on input line 399.
LaTeX Info: Redefining \colon on input line 410.
\classnum@=\count318
\DOTSCASE@=\count319
LaTeX Info: Redefining \ldots on input line 496.
LaTeX Info: Redefining \dots on input line 499.
LaTeX Info: Redefining \cdots on input line 620.
\Mathstrutbox@=\box76
\strutbox@=\box77
LaTeX Info: Redefining \big on input line 722.
LaTeX Info: Redefining \Big on input line 723.
LaTeX Info: Redefining \bigg on input line 724.
LaTeX Info: Redefining \Bigg on input line 725.
\big@size=\dimen292
LaTeX Font Info:    Redeclaring font encoding OML on input line 743.
LaTeX Font Info:    Redeclaring font encoding OMS on input line 744.
\macc@depth=\count320
LaTeX Info: Redefining \bmod on input line 905.
LaTeX Info: Redefining \pmod on input line 910.
LaTeX Info: Redefining \smash on input line 940.
LaTeX Info: Redefining \relbar on input line 970.
LaTeX Info: Redefining \Relbar on input line 971.
\c@MaxMatrixCols=\count321
\dotsspace@=\muskip17
\c@parentequation=\count322
\dspbrk@lvl=\count323
\tag@help=\toks33
\row@=\count324
\column@=\count325
\maxfields@=\count326
\andhelp@=\toks34
\eqnshift@=\dimen293
\alignsep@=\dimen294
\tagshift@=\dimen295
\tagwidth@=\dimen296
\totwidth@=\dimen297
\lineht@=\dimen298
\@envbody=\toks35
\multlinegap=\skip63
\multlinetaggap=\skip64
\mathdisplay@stack=\toks36
LaTeX Info: Redefining \[ on input line 2953.
LaTeX Info: Redefining \] on input line 2954.
) (c:/texlive/2023/texmf-dist/tex/latex/l3packages/xfrac/xfrac.sty (c:/texlive/2023/texmf-dist/tex/latex/base/textcomp.sty
Package: textcomp 2020/02/02 v2.0n Standard LaTeX package
)
Package: xfrac 2023-02-02 L3 Experimental split-level fractions
\l__xfrac_slash_box=\box78
\l__xfrac_tmp_box=\box79
\l__xfrac_denominator_bot_sep_dim=\dimen299
\l__xfrac_numerator_bot_sep_dim=\dimen300
\l__xfrac_numerator_top_sep_dim=\dimen301
\l__xfrac_slash_left_sep_dim=\dimen302
\l__xfrac_slash_right_sep_dim=\dimen303
\l__xfrac_slash_left_muskip=\muskip18
\l__xfrac_slash_right_muskip=\muskip19

Package xtemplate Info: Declaring object type 'xfrac' taking 3 argument(s) on
(xtemplate)             line 80.

) (c:/texlive/2023/texmf-dist/tex/latex/units/nicefrac.sty
Package: nicefrac 1998/08/04 v0.9b Nice fractions
\L@UnitsRaiseDisplaystyle=\skip65
\L@UnitsRaiseTextstyle=\skip66
\L@UnitsRaiseScriptstyle=\skip67
 (c:/texlive/2023/texmf-dist/tex/latex/base/ifthen.sty
Package: ifthen 2022/04/13 v1.1d Standard LaTeX ifthen package (DPC)
)) (c:/texlive/2023/texmf-dist/tex/generic/pgf/libraries/pgflibraryarrows.meta.code.tex
File: pgflibraryarrows.meta.code.tex 2023-01-15 v3.1.10 (3.1.10)
\pgfarrowinset=\dimen304
\pgfarrowlength=\dimen305
\pgfarrowwidth=\dimen306
\pgfarrowlinewidth=\dimen307
)
Package: chemformula 2022/01/23 v4.17 typeset chemical compounds and reactions (CN)
\l__chemformula_tmpa_dim=\dimen308
\l__chemformula_tmpb_dim=\dimen309
\l__chemformula_tmpc_dim=\dimen310
\l__chemformula_tmpa_int=\count327
\l__chemformula_tmpb_int=\count328
\l__chemformula_tmpc_int=\count329
\l__chemformula_tmpa_box=\box80
\l__chemformula_tmpb_box=\box81
\l__chemformula_arrow_length_dim=\dimen311
\l__chemformula_arrow_label_height_dim=\dimen312
\l__chemformula_arrow_label_offset_dim=\dimen313
\l__chemformula_arrow_minimum_length_dim=\dimen314
\l__chemformula_arrow_shortage_dim=\dimen315
\l__chemformula_arrow_offset_dim=\dimen316
\l__chemformula_arrow_yshift_dim=\dimen317
\l__chemformula_radical_radius_dim=\dimen318
\l__chemformula_radical_hshift_dim=\dimen319
\l__chemformula_radical_vshift_dim=\dimen320
\l__chemformula_radical_space_dim=\dimen321
\l__chemformula_arrow_head_dim=\dimen322
\l__chemformula_name_dim=\dimen323
\l__chemformula_adduct_space_dim=\dimen324
\l__chemformula_charge_shift_dim=\dimen325
\l__chemformula_subscript_shift_dim=\dimen326
\l__chemformula_superscript_shift_dim=\dimen327
\l__chemformula_subscript_dim=\dimen328
\l__chemformula_superscript_dim=\dimen329
\l__chemformula_bond_dim=\dimen330
\l__chemformula_bond_space_dim=\dimen331
\l__chemformula_elspec_pair_distance_dim=\dimen332
\l__chemformula_elspec_pair_line_length_dim=\dimen333
\l__chemformula_elspec_pair_width_dim=\dimen334
\l__chemformula_kroegervink_positive_radius_dim=\dimen335
\l__chemformula_kroegervink_positive_hshift_dim=\dimen336
\l__chemformula_kroegervink_positive_vshift_dim=\dimen337
\l__chemformula_kroegervink_positive_space_dim=\dimen338
\l__chemformula_stoich_space_skip=\skip68
\l__chemformula_math_space_skip=\skip69
\l__chemformula_additions_symbol_space_skip=\skip70
\l__chemformula_count_tokens_int=\count330
\g__chemformula_lewis_int=\count331
\l__chemformula_arrow_arg_i_box=\box82
\l__chemformula_arrow_arg_ii_box=\box83
\l__chemformula_superscript_box=\box84
\l__chemformula_subscript_box=\box85
\l__chemformula_plus_space_skip=\skip71
\l__chemformula_minus_space_skip=\skip72
) (c:/texlive/2023/texmf-dist/tex/latex/siunitx/siunitx.sty
Package: siunitx 2023-03-04 v3.2.2 A comprehensive (SI) units package
\l__siunitx_angle_tmp_dim=\dimen339
\l__siunitx_angle_marker_box=\box86
\l__siunitx_angle_unit_box=\box87
\l__siunitx_compound_count_int=\count332
 (c:/texlive/2023/texmf-dist/tex/latex/translations/translations.sty
Package: translations 2022/02/05 v1.12 internationalization of LaTeX2e packages (CN)
 (c:/texlive/2023/texmf-dist/tex/generic/pdftexcmds/pdftexcmds.sty
Package: pdftexcmds 2020-06-27 v0.33 Utility functions of pdfTeX for LuaTeX (HO)
 (c:/texlive/2023/texmf-dist/tex/generic/infwarerr/infwarerr.sty
Package: infwarerr 2019/12/03 v1.5 Providing info/warning/error messages (HO)
) (c:/texlive/2023/texmf-dist/tex/generic/iftex/iftex.sty
Package: iftex 2022/02/03 v1.0f TeX engine tests
) (c:/texlive/2023/texmf-dist/tex/generic/ltxcmds/ltxcmds.sty
Package: ltxcmds 2020-05-10 v1.25 LaTeX kernel commands for general use (HO)
)
Package pdftexcmds Info: \pdf@primitive is available.
Package pdftexcmds Info: \pdf@ifprimitive is available.
Package pdftexcmds Info: \pdfdraftmode not found.
))
\l__siunitx_number_exponent_fixed_int=\count333
\l__siunitx_number_min_decimal_int=\count334
\l__siunitx_number_min_integer_int=\count335
\l__siunitx_number_round_precision_int=\count336
\l__siunitx_number_lower_threshold_int=\count337
\l__siunitx_number_upper_threshold_int=\count338
\l__siunitx_number_group_first_int=\count339
\l__siunitx_number_group_size_int=\count340
\l__siunitx_number_group_minimum_int=\count341
\l__siunitx_table_tmp_box=\box88
\l__siunitx_table_tmp_dim=\dimen340
\l__siunitx_table_column_width_dim=\dimen341
\l__siunitx_table_integer_box=\box89
\l__siunitx_table_decimal_box=\box90
\l__siunitx_table_uncert_box=\box91
\l__siunitx_table_before_box=\box92
\l__siunitx_table_after_box=\box93
\l__siunitx_table_before_dim=\dimen342
\l__siunitx_table_carry_dim=\dimen343
\l__siunitx_unit_tmp_int=\count342
\l__siunitx_unit_position_int=\count343
\l__siunitx_unit_total_int=\count344
 (c:/texlive/2023/texmf-dist/tex/latex/tools/array.sty
Package: array 2022/09/04 v2.5g Tabular extension package (FMi)
\col@sep=\dimen344
\ar@mcellbox=\box94
\extrarowheight=\dimen345
\NC@list=\toks37
\extratabsurround=\skip73
\backup@length=\skip74
\ar@cellbox=\box95
)) (c:/texlive/2023/texmf-dist/tex/latex/psnfss/pifont.sty
Package: pifont 2020/03/25 PSNFSS-v9.3 Pi font support (SPQR) 
LaTeX Font Info:    Trying to load font information for U+pzd on input line 63.
 (c:/texlive/2023/texmf-dist/tex/latex/psnfss/upzd.fd
File: upzd.fd 2001/06/04 font definitions for U/pzd.
)
LaTeX Font Info:    Trying to load font information for U+psy on input line 64.
 (c:/texlive/2023/texmf-dist/tex/latex/psnfss/upsy.fd
File: upsy.fd 2001/06/04 font definitions for U/psy.
)) (c:/texlive/2023/texmf-dist/tex/latex/geometry/geometry.sty
Package: geometry 2020/01/02 v5.9 Page Geometry
 (c:/texlive/2023/texmf-dist/tex/generic/iftex/ifvtex.sty
Package: ifvtex 2019/10/25 v1.7 ifvtex legacy package. Use iftex instead.
)
\Gm@cnth=\count345
\Gm@cntv=\count346
\c@Gm@tempcnt=\count347
\Gm@bindingoffset=\dimen346
\Gm@wd@mp=\dimen347
\Gm@odd@mp=\dimen348
\Gm@even@mp=\dimen349
\Gm@layoutwidth=\dimen350
\Gm@layoutheight=\dimen351
\Gm@layouthoffset=\dimen352
\Gm@layoutvoffset=\dimen353
\Gm@dimlist=\toks38
) (c:/texlive/2023/texmf-dist/tex/latex/marginnote/marginnote.sty
Package: marginnote 2018/08/09 v1.4b non floating margin notes for LaTeX
\c@mn@abspage=\count348
) (c:/texlive/2023/texmf-dist/tex/latex/pdfpages/pdfpages.sty
Package: pdfpages 2022/12/19 v0.5x Insert pages of external PDF documents (AM)
 (c:/texlive/2023/texmf-dist/tex/latex/tools/calc.sty
Package: calc 2017/05/25 v4.3 Infix arithmetic (KKT,FJ)
\calc@Acount=\count349
\calc@Bcount=\count350
\calc@Adimen=\dimen354
\calc@Bdimen=\dimen355
\calc@Askip=\skip75
\calc@Bskip=\skip76
LaTeX Info: Redefining \setlength on input line 80.
LaTeX Info: Redefining \addtolength on input line 81.
\calc@Ccount=\count351
\calc@Cskip=\skip77
) (c:/texlive/2023/texmf-dist/tex/latex/eso-pic/eso-pic.sty
Package: eso-pic 2020/10/14 v3.0a eso-pic (RN)
\ESO@tempdima=\dimen356
\ESO@tempdimb=\dimen357
)
\AM@pagewidth=\dimen358
\AM@pageheight=\dimen359
\AM@fboxrule=\dimen360
 (c:/texlive/2023/texmf-dist/tex/latex/pdfpages/ppxetex.def
File: ppxetex.def 2022/12/19 v0.5x Pdfpages driver for XeTeX (AM)
)
\pdfpages@includegraphics@status=\count352
\AM@pagebox=\box96
\AM@global@opts=\toks39
\AM@pagecnt=\count353
\AM@toc@title=\toks40
\AM@lof@heading=\toks41
\c@AM@survey=\count354
\AM@templatesizebox=\box97
) (c:/texlive/2023/texmf-dist/tex/latex/tools/multicol.sty
Package: multicol 2021/11/30 v1.9d multicolumn formatting (FMi)
\c@tracingmulticols=\count355
\mult@box=\box98
\multicol@leftmargin=\dimen361
\c@unbalance=\count356
\c@collectmore=\count357
\doublecol@number=\count358
\multicoltolerance=\count359
\multicolpretolerance=\count360
\full@width=\dimen362
\page@free=\dimen363
\premulticols=\dimen364
\postmulticols=\dimen365
\multicolsep=\skip78
\multicolbaselineskip=\skip79
\partial@page=\box99
\last@line=\box100
\maxbalancingoverflow=\dimen366
\mult@rightbox=\box101
\mult@grightbox=\box102
\mult@firstbox=\box103
\mult@gfirstbox=\box104
\@tempa=\box105
\@tempa=\box106
\@tempa=\box107
\@tempa=\box108
\@tempa=\box109
\@tempa=\box110
\@tempa=\box111
\@tempa=\box112
\@tempa=\box113
\@tempa=\box114
\@tempa=\box115
\@tempa=\box116
\@tempa=\box117
\@tempa=\box118
\@tempa=\box119
\@tempa=\box120
\@tempa=\box121
\@tempa=\box122
\@tempa=\box123
\@tempa=\box124
\@tempa=\box125
\@tempa=\box126
\@tempa=\box127
\@tempa=\box128
\@tempa=\box129
\@tempa=\box130
\@tempa=\box131
\@tempa=\box132
\@tempa=\box133
\@tempa=\box134
\@tempa=\box135
\@tempa=\box136
\@tempa=\box137
\@tempa=\box138
\@tempa=\box139
\@tempa=\box140
\c@minrows=\count361
\c@columnbadness=\count362
\c@finalcolumnbadness=\count363
\last@try=\dimen367
\multicolovershoot=\dimen368
\multicolundershoot=\dimen369
\mult@nat@firstbox=\box141
\colbreak@box=\box142
\mc@col@check@num=\count364
) (c:/texlive/2023/texmf-dist/tex/latex/fancyhdr/fancyhdr.sty
Package: fancyhdr 2022/11/09 v4.1 Extensive control of page headers and footers
\f@nch@headwidth=\skip80
\f@nch@O@elh=\skip81
\f@nch@O@erh=\skip82
\f@nch@O@olh=\skip83
\f@nch@O@orh=\skip84
\f@nch@O@elf=\skip85
\f@nch@O@erf=\skip86
\f@nch@O@olf=\skip87
\f@nch@O@orf=\skip88
) (c:/texlive/2023/texmf-dist/tex/latex/titlesec/titletoc.sty
Package: titletoc 2021/07/05 v2.14 TOC entries
\ttl@leftsep=\dimen370
) (c:/texlive/2023/texmf-dist/tex/latex/caption/caption.sty
Package: caption 2023/03/12 v3.6j Customizing captions (AR)
 (c:/texlive/2023/texmf-dist/tex/latex/caption/caption3.sty
Package: caption3 2023/03/12 v2.4 caption3 kernel (AR)
\caption@tempdima=\dimen371
\captionmargin=\dimen372
\caption@leftmargin=\dimen373
\caption@rightmargin=\dimen374
\caption@width=\dimen375
\caption@indent=\dimen376
\caption@parindent=\dimen377
\caption@hangindent=\dimen378
Package caption Info: Standard document class detected.
)
\c@caption@flags=\count365
\c@continuedfloat=\count366
) (c:/texlive/2023/texmf-dist/tex/latex/tabularray/tabularray.sty
Package: tabularray 2023-03-01 v2023A Typeset tabulars and arrays with LaTeX3
\l__tblr_a_int=\count367
\l__tblr_c_int=\count368
\l__tblr_r_int=\count369
\l__tblr_d_dim=\dimen379
\l__tblr_h_dim=\dimen380
\l__tblr_o_dim=\dimen381
\l__tblr_p_dim=\dimen382
\l__tblr_q_dim=\dimen383
\l__tblr_r_dim=\dimen384
\l__tblr_s_dim=\dimen385
\l__tblr_t_dim=\dimen386
\l__tblr_v_dim=\dimen387
\l__tblr_w_dim=\dimen388
\l__tblr_a_box=\box143
\l__tblr_b_box=\box144
\l__tblr_c_box=\box145
\l__tblr_d_box=\box146
\g__tblr_table_count_int=\count370
\c@rownum=\count371
\c@colnum=\count372
\c@rowcount=\count373
\c@colcount=\count374
\abovesep=\dimen389
\belowsep=\dimen390
\leftsep=\dimen391
\rightsep=\dimen392
\g_tblr_level_int=\count375
\g__tblr_data_row_key_count_int=\count376
\g__tblr_data_column_key_count_int=\count377
\g__tblr_data_cell_key_count_int=\count378
\g__tblr_array_int=\count379
\l__tblr_key_count_int=\count380
\l__tblr_key_quotient_int=\count381
\l__tblr_key_quotient_two_int=\count382
\l__tblr_key_remainder_int=\count383
\g__tblr_data_str_value_count_int=\count384
\rulewidth=\dimen393
\l__tblr_strut_dp_dim=\dimen394
\l__tblr_strut_ht_dim=\dimen395
\g__tblr_cell_wd_dim=\dimen396
\g__tblr_cell_ht_dim=\dimen397
\g__tblr_cell_head_dim=\dimen398
\g__tblr_cell_foot_dim=\dimen399
\l__column_target_dim=\dimen400
\l__tblr_caption_box=\box147
\l__tblr_caption_left_box=\box148
\l__tblr_row_head_box=\box149
\l__tblr_row_foot_box=\box150
\l__tblr_row_head_foot_dim=\dimen401
\tablewidth=\dimen402
\l__tblr_table_firsthead_box=\box151
\l__tblr_table_middlehead_box=\box152
\l__tblr_table_lasthead_box=\box153
\l__tblr_table_firstfoot_box=\box154
\l__tblr_table_middlefoot_box=\box155
\l__tblr_table_lastfoot_box=\box156
\l__tblr_remain_height_dim=\dimen403
\l__tblr_long_from_int=\count385
\l__tblr_long_to_int=\count386
\l__tblr_curr_i_int=\count387
\l__tblr_prev_i_int=\count388
\l__tblr_table_page_int=\count389
\l__tblr_table_head_box=\box157
\l__tblr_table_foot_box=\box158
\l__tblr_table_head_foot_dim=\dimen404
\l__tblr_table_head_body_foot_dim=\dimen405
\l__tblr_table_box=\box159
\l__tblr_table_hlines_box=\box160
\l__tblr_hline_box=\box161
\l__tblr_row_box=\box162
\l__tblr_col_o_wd_dim=\dimen406
\l__tblr_col_b_wd_dim=\dimen407
\l__tblr_hline_leftskip_dim=\dimen408
\l__tblr_hline_rightskip_dim=\dimen409
\l__tblr_row_ht_dim=\dimen410
\l__tblr_row_dp_dim=\dimen411
\l__tblr_row_abovesep_dim=\dimen412
\l__tblr_row_belowsep_dim=\dimen413
\l__tblr_row_vlines_box=\box163
\l__tblr_vline_box=\box164
\l__tblr_cell_box=\box165
\l__row_upper_dim=\dimen414
\l__row_lower_dim=\dimen415
\l__row_vpace_dim=\dimen416
\l__tblr_vline_aboveskip_dim=\dimen417
\l__tblr_vline_belowskip_dim=\dimen418
\l__tblr_cell_wd_dim=\dimen419
\l__tblr_cell_ht_dim=\dimen420
\l__tblr_diag_box=\box166
) (c:/texlive/2023/texmf-dist/tex/latex/listings/listings.sty
\lst@mode=\count390
\lst@gtempboxa=\box167
\lst@token=\toks42
\lst@length=\count391
\lst@currlwidth=\dimen421
\lst@column=\count392
\lst@pos=\count393
\lst@lostspace=\dimen422
\lst@width=\dimen423
\lst@newlines=\count394
\lst@lineno=\count395
\lst@maxwidth=\dimen424
 (c:/texlive/2023/texmf-dist/tex/latex/listings/lstmisc.sty
File: lstmisc.sty 2023/02/27 1.9 (Carsten Heinz)
\c@lstnumber=\count396
\lst@skipnumbers=\count397
\lst@framebox=\box168
) (c:/texlive/2023/texmf-dist/tex/latex/listings/listings.cfg
File: listings.cfg 2023/02/27 1.9 listings configuration
))
Package: listings 2023/02/27 1.9 (Carsten Heinz)
 (c:/texlive/2023/texmf-dist/tex/xelatex/xecjk/xeCJK-listings.sty
Package: xeCJK-listings 2022/08/05 v3.9.1 xeCJK patch file for listings
\l__xeCJK_listings_max_char_int=\count398
\l__xeCJK_listings_flag_int=\count399
)
\l__eb_toc_columns_int=\count400
\eb@head@rule@wd=\dimen425
\eb@footnote@rule@wd=\dimen426
\fnfirstindent=\dimen427
\fnparskip=\skip89
\c@bichapter=\count401
\c@bisection=\count402
\c@bisubsection=\count403
\l__eb_toc_chapter_indent_dim=\dimen428
\l__eb_toc_part_indent_dim=\dimen429
\l__eb_toc_section_indent_dim=\dimen430
\l__eb_toc_subsection_indent_dim=\dimen431
\l__eb_toc_subsubsection_indent_dim=\dimen432
\l__eb_toc_paragraph_indent_dim=\dimen433
\l__eb_toc_subparagraph_indent_dim=\dimen434
\l__eb_toc_table_indent_dim=\dimen435
\l__eb_toc_figure_indent_dim=\dimen436
\l__eb_toc_lstlisting_indent_dim=\dimen437
\eb@toc@lol@skip=\skip90
 (c:/texlive/2023/texmf-dist/tex/latex/booktabs/booktabs.sty
Package: booktabs 2020/01/12 v1.61803398 Publication quality tables
\heavyrulewidth=\dimen438
\lightrulewidth=\dimen439
\cmidrulewidth=\dimen440
\belowrulesep=\dimen441
\belowbottomsep=\dimen442
\aboverulesep=\dimen443
\abovetopsep=\dimen444
\cmidrulesep=\dimen445
\cmidrulekern=\dimen446
\defaultaddspace=\dimen447
\@cmidla=\count404
\@cmidlb=\count405
\@aboverulesep=\dimen448
\@belowrulesep=\dimen449
\@thisruleclass=\count406
\@lastruleclass=\count407
\@thisrulewidth=\dimen450
)
\mathindent=\dimen451
\enitdp@eb@eqcomp@list=\count408
\l__eb_eqsymb_width_dim=\dimen452
\l__eb_eqsymb_space_dim=\dimen453
 (c:/texlive/2023/texmf-dist/tex/latex/amscls/amsthm.sty
Package: amsthm 2020/05/29 v2.20.6
\thm@style=\toks43
\thm@bodyfont=\toks44
\thm@headfont=\toks45
\thm@notefont=\toks46
\thm@headpunct=\toks47
\thm@preskip=\skip91
\thm@postskip=\skip92
\thm@headsep=\skip93
\dth@everypar=\toks48
) (c:/texlive/2023/texmf-dist/tex/latex/thmtools/thmtools.sty
Package: thmtools 2023/02/17 v0.75
\thmt@toks=\toks49
\c@thmt@dummyctr=\count409
 (c:/texlive/2023/texmf-dist/tex/latex/thmtools/thm-patch.sty
Package: thm-patch 2023/02/17 v0.75
 (c:/texlive/2023/texmf-dist/tex/latex/thmtools/parseargs.sty
Package: parseargs 2023/02/17 v0.75
\@parsespec=\toks50
)) (c:/texlive/2023/texmf-dist/tex/latex/thmtools/thm-kv.sty
Package: thm-kv 2023/02/17 v0.75
Package thm-kv Info: Theorem names will be uppercased on input line 42.
 (c:/texlive/2023/texmf-dist/tex/latex/kvsetkeys/kvsetkeys.sty
Package: kvsetkeys 2022-10-05 v1.19 Key value parser (HO)
)
Package thm-kv Info: kvsetkeys patch (v1.16 or later) on input line 158.
) (c:/texlive/2023/texmf-dist/tex/latex/thmtools/thm-autoref.sty
Package: thm-autoref 2023/02/17 v0.75
 (c:/texlive/2023/texmf-dist/tex/latex/thmtools/aliasctr.sty
Package: aliasctr 2023/02/17 v0.75
)) (c:/texlive/2023/texmf-dist/tex/latex/thmtools/thm-listof.sty
Package: thm-listof 2023/02/17 v0.75
) (c:/texlive/2023/texmf-dist/tex/latex/thmtools/thm-restate.sty
Package: thm-restate 2023/02/17 v0.75
) (c:/texlive/2023/texmf-dist/tex/latex/thmtools/thm-amsthm.sty
Package: thm-amsthm 2023/02/17 v0.75
\thmt@style@headstyle=\toks51
))
Package thmtools Info: Key `within' (with value `\bool_if:NT \l__eb_class_mode_book_bool {chapter}')
(thmtools)             is not a known style key.
(thmtools)             Will pass this to every \declaretheorem
(thmtools)             that uses `style=default' on input line 1676.
 (c:/texlive/2023/texmf-dist/tex/latex/listings/lstlang1.sty
File: lstlang1.sty 2023/02/27 1.9 listings language file
) (c:/texlive/2023/texmf-dist/tex/latex/listings/lstlang2.sty
File: lstlang2.sty 2023/02/27 1.9 listings language file
) (c:/texlive/2023/texmf-dist/tex/latex/listings/lstlang3.sty
File: lstlang3.sty 2023/02/27 1.9 listings language file
) (c:/texlive/2023/texmf-dist/tex/latex/listings/lstlang1.sty
File: lstlang1.sty 2023/02/27 1.9 listings language file
) (c:/texlive/2023/texmf-dist/tex/latex/listings/lstlang2.sty
File: lstlang2.sty 2023/02/27 1.9 listings language file
) (c:/texlive/2023/texmf-dist/tex/latex/listings/lstlang3.sty
File: lstlang3.sty 2023/02/27 1.9 listings language file
) (c:/texlive/2023/texmf-dist/tex/latex/listings/lstlang1.sty
File: lstlang1.sty 2023/02/27 1.9 listings language file
) (c:/texlive/2023/texmf-dist/tex/latex/listings/lstlang2.sty
File: lstlang2.sty 2023/02/27 1.9 listings language file
) (c:/texlive/2023/texmf-dist/tex/latex/listings/lstlang3.sty
File: lstlang3.sty 2023/02/27 1.9 listings language file
) (c:/texlive/2023/texmf-dist/tex/latex/listings/lstmisc.sty
File: lstmisc.sty 2023/02/27 1.9 (Carsten Heinz)
) (c:/texlive/2023/texmf-dist/tex/latex/listings/lstlang1.sty
File: lstlang1.sty 2023/02/27 1.9 listings language file
) (c:/texlive/2023/texmf-dist/tex/latex/listings/lstmisc.sty
File: lstmisc.sty 2023/02/27 1.9 (Carsten Heinz)
)))

Package easybase Warning: The macro package 'amsmath' has been loaded
(easybase)                repeatedly.

(c:/texlive/2023/texmf-dist/tex/latex/amsfonts/amssymb.sty
Package: amssymb 2013/01/14 v3.01 AMS font symbols
 (c:/texlive/2023/texmf-dist/tex/latex/amsfonts/amsfonts.sty
Package: amsfonts 2013/01/14 v3.01 Basic AMSFonts support
\symAMSa=\mathgroup4
\symAMSb=\mathgroup5
LaTeX Font Info:    Redeclaring math symbol \hbar on input line 98.
LaTeX Font Info:    Overwriting math alphabet `\mathfrak' in version `bold'
(Font)                  U/euf/m/n --> U/euf/b/n on input line 106.
)) (c:/texlive/2023/texmf-dist/tex/latex/esint/esint.sty
Package: esint 
\symlargesymbolsA=\mathgroup6
) (c:/texlive/2023/texmf-dist/tex/latex/jknapltx/mathrsfs.sty
Package: mathrsfs 1996/01/01 Math RSFS package v1.0 (jk)
\symrsfs=\mathgroup7
) (c:/texlive/2023/texmf-dist/tex/latex/tools/bm.sty
Package: bm 2022/01/05 v1.2f Bold Symbol Support (DPC/FMi)
\symboldoperators=\mathgroup8
\symboldletters=\mathgroup9
\symboldsymbols=\mathgroup10
Package bm Info: No bold for \OMX/cmex/m/n, using \pmb.
Package bm Info: No bold for \U/msa/m/n, using \pmb.
Package bm Info: No bold for \U/msb/m/n, using \pmb.
Package bm Info: No bold for \U/esint/m/n, using \pmb.
Package bm Info: No bold for \U/rsfs/m/n, using \pmb.
LaTeX Font Info:    Redeclaring math alphabet \mathbf on input line 149.
) (c:/texlive/2023/texmf-dist/tex/latex/bbm-macros/bbm.sty
Package: bbm 1999/03/15 V 1.2 provides fonts for set symbols - TH
LaTeX Font Info:    Overwriting math alphabet `\mathbbm' in version `bold'
(Font)                  U/bbm/m/n --> U/bbm/bx/n on input line 33.
LaTeX Font Info:    Overwriting math alphabet `\mathbbmss' in version `bold'
(Font)                  U/bbmss/m/n --> U/bbmss/bx/n on input line 35.
) (c:/texlive/2023/texmf-dist/tex/latex/mathtools/mathtools.sty
Package: mathtools 2022/06/29 v1.29 mathematical typesetting tools
 (c:/texlive/2023/texmf-dist/tex/latex/mathtools/mhsetup.sty
Package: mhsetup 2021/03/18 v1.4 programming setup (MH)
)
\g_MT_multlinerow_int=\count410
\l_MT_multwidth_dim=\dimen454
\origjot=\skip94
\l_MT_shortvdotswithinadjustabove_dim=\dimen455
\l_MT_shortvdotswithinadjustbelow_dim=\dimen456
\l_MT_above_intertext_sep=\dimen457
\l_MT_below_intertext_sep=\dimen458
\l_MT_above_shortintertext_sep=\dimen459
\l_MT_below_shortintertext_sep=\dimen460
\xmathstrut@box=\box169
\xmathstrut@dim=\dimen461
) (c:/texlive/2023/texmf-dist/tex/latex/cases/cases.sty
Package: cases 2020/03/29 ver 3.2
\numc@numwid=\dimen462
) (c:/texlive/2023/texmf-dist/tex/latex/extarrows/extarrows.sty
Package: extarrows 2020/03/12 v1.2.0 Some extensible arrows
)

Package easybase Warning: The macro package 'siunitx' has been loaded
(easybase)                repeatedly.

(c:/texlive/2023/texmf-dist/tex/latex/physics/physics.sty
Package: physics 
)

Package easybase Warning: The macro package 'geometry' has been loaded
(easybase)                repeatedly.

(c:/texlive/2023/texmf-dist/tex/latex/thmtools/unique.sty
Package: unique 2023/02/17 v0.75
\uniq@channel=\write4
 (./main.unq)
\openout4 = `main.unq'.

)
\c@definition@numbered=\count411
\c@theorem@numbered=\count412
\symCJKmath=\mathgroup255
LaTeX Font Info:    Overwriting symbol font `CJKmath' in version `bold'
(Font)                  TU/SimSun(0)/m/n --> TU/SimSun(0)/b/n on input line 138.
Package translations Info: No language package found. I am going to use `english' as default language. on input line 138.
 (c:/texlive/2023/texmf-dist/tex/latex/hyperref/hyperref.sty
Package: hyperref 2023-02-07 v7.00v Hypertext links for LaTeX
 (c:/texlive/2023/texmf-dist/tex/generic/kvdefinekeys/kvdefinekeys.sty
Package: kvdefinekeys 2019-12-19 v1.6 Define keys (HO)
) (c:/texlive/2023/texmf-dist/tex/generic/pdfescape/pdfescape.sty
Package: pdfescape 2019/12/09 v1.15 Implements pdfTeX's escape features (HO)
) (c:/texlive/2023/texmf-dist/tex/latex/hycolor/hycolor.sty
Package: hycolor 2020-01-27 v1.10 Color options for hyperref/bookmark (HO)
) (c:/texlive/2023/texmf-dist/tex/latex/letltxmacro/letltxmacro.sty
Package: letltxmacro 2019/12/03 v1.6 Let assignment for LaTeX macros (HO)
) (c:/texlive/2023/texmf-dist/tex/latex/auxhook/auxhook.sty
Package: auxhook 2019-12-17 v1.6 Hooks for auxiliary files (HO)
) (c:/texlive/2023/texmf-dist/tex/latex/hyperref/nameref.sty
Package: nameref 2022-05-17 v2.50 Cross-referencing by name of section
 (c:/texlive/2023/texmf-dist/tex/latex/refcount/refcount.sty
Package: refcount 2019/12/15 v3.6 Data extraction from label references (HO)
) (c:/texlive/2023/texmf-dist/tex/generic/gettitlestring/gettitlestring.sty
Package: gettitlestring 2019/12/15 v1.6 Cleanup title references (HO)
 (c:/texlive/2023/texmf-dist/tex/latex/kvoptions/kvoptions.sty
Package: kvoptions 2022-06-15 v3.15 Key value format for package options (HO)
))
\c@section@level=\count413
)
\@linkdim=\dimen463
\Hy@linkcounter=\count414
\Hy@pagecounter=\count415
 (c:/texlive/2023/texmf-dist/tex/latex/hyperref/pd1enc.def
File: pd1enc.def 2023-02-07 v7.00v Hyperref: PDFDocEncoding definition (HO)
) (c:/texlive/2023/texmf-dist/tex/generic/intcalc/intcalc.sty
Package: intcalc 2019/12/15 v1.3 Expandable calculations with integers (HO)
) (c:/texlive/2023/texmf-dist/tex/generic/etexcmds/etexcmds.sty
Package: etexcmds 2019/12/15 v1.7 Avoid name clashes with e-TeX commands (HO)
)
\Hy@SavedSpaceFactor=\count416
 (c:/texlive/2023/texmf-dist/tex/latex/hyperref/puenc.def
File: puenc.def 2023-02-07 v7.00v Hyperref: PDF Unicode definition (HO)
)
Package hyperref Info: Option `unicode' set `true' on input line 4060.
Package hyperref Info: Hyper figures OFF on input line 4177.
Package hyperref Info: Link nesting OFF on input line 4182.
Package hyperref Info: Hyper index ON on input line 4185.
Package hyperref Info: Plain pages OFF on input line 4192.
Package hyperref Info: Backreferencing OFF on input line 4197.
Package hyperref Info: Implicit mode ON; LaTeX internals redefined.
Package hyperref Info: Bookmarks ON on input line 4425.
\c@Hy@tempcnt=\count417
 (c:/texlive/2023/texmf-dist/tex/latex/url/url.sty
\Urlmuskip=\muskip20
Package: url 2013/09/16  ver 3.4  Verb mode for urls, etc.
)
LaTeX Info: Redefining \url on input line 4763.
\XeTeXLinkMargin=\dimen464
 (c:/texlive/2023/texmf-dist/tex/generic/bitset/bitset.sty
Package: bitset 2019/12/09 v1.3 Handle bit-vector datatype (HO)
 (c:/texlive/2023/texmf-dist/tex/generic/bigintcalc/bigintcalc.sty
Package: bigintcalc 2019/12/15 v1.5 Expandable calculations on big integers (HO)
))
\Fld@menulength=\count418
\Field@Width=\dimen465
\Fld@charsize=\dimen466
Package hyperref Info: Hyper figures OFF on input line 6042.
Package hyperref Info: Link nesting OFF on input line 6047.
Package hyperref Info: Hyper index ON on input line 6050.
Package hyperref Info: backreferencing OFF on input line 6057.
Package hyperref Info: Link coloring OFF on input line 6062.
Package hyperref Info: Link coloring with OCG OFF on input line 6067.
Package hyperref Info: PDF/A mode OFF on input line 6072.
 (c:/texlive/2023/texmf-dist/tex/latex/base/atbegshi-ltx.sty
Package: atbegshi-ltx 2021/01/10 v1.0c Emulation of the original atbegshi
package with kernel methods
)
\Hy@abspage=\count419
\c@Item=\count420
\c@Hfootnote=\count421
)
Package hyperref Info: Driver (autodetected): hxetex.
 (c:/texlive/2023/texmf-dist/tex/latex/hyperref/hxetex.def
File: hxetex.def 2023-02-07 v7.00v Hyperref driver for XeTeX
 (c:/texlive/2023/texmf-dist/tex/generic/stringenc/stringenc.sty
Package: stringenc 2019/11/29 v1.12 Convert strings between diff. encodings (HO)
)
\pdfm@box=\box170
\c@Hy@AnnotLevel=\count422
\HyField@AnnotCount=\count423
\Fld@listcount=\count424
\c@bookmark@seq@number=\count425
 (c:/texlive/2023/texmf-dist/tex/latex/rerunfilecheck/rerunfilecheck.sty
Package: rerunfilecheck 2022-07-10 v1.10 Rerun checks for auxiliary files (HO)
 (c:/texlive/2023/texmf-dist/tex/latex/base/atveryend-ltx.sty
Package: atveryend-ltx 2020/08/19 v1.0a Emulation of the original atveryend package
with kernel methods
) (c:/texlive/2023/texmf-dist/tex/generic/uniquecounter/uniquecounter.sty
Package: uniquecounter 2019/12/15 v1.4 Provide unlimited unique counter (HO)
)
Package uniquecounter Info: New unique counter `rerunfilecheck' on input line 285.
)
\Hy@SectionHShift=\skip95
)
Package hyperref Info: Option `bookmarksnumbered' set `true' on input line 138.
Package hyperref Info: Option `colorlinks' set `true' on input line 138.


LaTeX Warning: Unused global option(s):
    [8pt].

(./main.aux (./fl/a1.aux) (./fl/a2.aux) (./fl/a3.aux) (./fl/a4.aux) (./fl/a5.aux) (./fl/a6.aux))
\openout1 = `main.aux'.

LaTeX Font Info:    Checking defaults for OML/cmm/m/it on input line 138.
LaTeX Font Info:    ... okay on input line 138.
LaTeX Font Info:    Checking defaults for OMS/cmsy/m/n on input line 138.
LaTeX Font Info:    ... okay on input line 138.
LaTeX Font Info:    Checking defaults for OT1/cmr/m/n on input line 138.
LaTeX Font Info:    ... okay on input line 138.
LaTeX Font Info:    Checking defaults for T1/cmr/m/n on input line 138.
LaTeX Font Info:    ... okay on input line 138.
LaTeX Font Info:    Checking defaults for TS1/cmr/m/n on input line 138.
LaTeX Font Info:    ... okay on input line 138.
LaTeX Font Info:    Checking defaults for TU/lmr/m/n on input line 138.
LaTeX Font Info:    ... okay on input line 138.
LaTeX Font Info:    Checking defaults for OMX/cmex/m/n on input line 138.
LaTeX Font Info:    ... okay on input line 138.
LaTeX Font Info:    Checking defaults for U/cmr/m/n on input line 138.
LaTeX Font Info:    ... okay on input line 138.
LaTeX Font Info:    Checking defaults for PD1/pdf/m/n on input line 138.
LaTeX Font Info:    ... okay on input line 138.
LaTeX Font Info:    Checking defaults for PU/pdf/m/n on input line 138.
LaTeX Font Info:    ... okay on input line 138.


Package siunitx Warning: Detected the "physics" package:
(siunitx)                omitting definition of \qty.
(siunitx)                
(siunitx)                If you want to use \qty with the siunitx definition,
(siunitx)                add 
(siunitx)                
(siunitx)                    \AtBeginDocument{\RenewCommandCopy\qty\SI}
(siunitx)                
(siunitx)                to your preamble.

(c:/texlive/2023/texmf-dist/tex/latex/translations/translations-basic-dictionary-english.trsl
File: translations-basic-dictionary-english.trsl (english translation file `translations-basic-dictionary')
)
Package translations Info: loading dictionary `translations-basic-dictionary' for `english'. on input line 138.

*geometry* driver: auto-detecting
*geometry* detected driver: xetex
*geometry* verbose mode - [ preamble ] result:
* driver: xetex
* paper: a4paper
* layout: <same size as paper>
* layoutoffset:(h,v)=(0.0pt,0.0pt)
* modes: twoside 
* h-part:(L,W,R)=(42.67912pt, 512.14963pt, 42.67912pt)
* v-part:(T,H,B)=(72.2698pt, 700.50723pt, 72.2698pt)
* \paperwidth=597.50787pt
* \paperheight=845.04684pt
* \textwidth=512.14963pt
* \textheight=700.50723pt
* \oddsidemargin=-29.59087pt
* \evensidemargin=-29.59087pt
* \topmargin=-72.26997pt
* \headheight=60.88887pt
* \headsep=11.38092pt
* \topskip=10.0pt
* \footskip=22.47748pt
* \marginparwidth=72.2698pt
* \marginparsep=8.0pt
* \columnsep=20.0pt
* \skip\footins=11.38092pt
* \hoffset=0.0pt
* \voffset=0.0pt
* \mag=1000
* \@twocolumnfalse
* \@twosidetrue
* \@mparswitchtrue
* \@reversemarginfalse
* (1in=72.27pt=25.4mm, 1cm=28.453pt)

(c:/texlive/2023/texmf-dist/tex/latex/pdflscape/pdflscape.sty
Package: pdflscape 2022-10-27 v0.13 Display of landscape pages in PDF
 (c:/texlive/2023/texmf-dist/tex/latex/pdflscape/pdflscape-nometadata.sty
Package: pdflscape-nometadata 2022-10-28 v0.13 Display of landscape pages in PDF (HO)
 (c:/texlive/2023/texmf-dist/tex/latex/graphics/lscape.sty
Package: lscape 2020/05/28 v3.02 Landscape Pages (DPC)
)
Package pdflscape Info: Auto-detected driver: dvipdfm (xetex) on input line 98.
))
Package caption Info: Begin \AtBeginDocument code.
Package caption Info: hyperref package is loaded.
Package caption Info: listings package is loaded.
Package caption Info: End \AtBeginDocument code.
 (c:/texlive/2023/texmf-dist/tex/latex/ninecolors/ninecolors.sty
Package: ninecolors 2022-02-13 vv2022D Select colors with proper color contrast
)
\c@lstlisting=\count426
Package hyperref Info: Link coloring ON on input line 138.
 (./main.out) (./main.out)
\@outlinefile=\write5
\openout5 = `main.out'.

LaTeX Font Info:    Trying to load font information for U+msa on input line 141.
 (c:/texlive/2023/texmf-dist/tex/latex/amsfonts/umsa.fd
File: umsa.fd 2013/01/14 v3.01 AMS symbols A
)
LaTeX Font Info:    Trying to load font information for U+msb on input line 141.
 (c:/texlive/2023/texmf-dist/tex/latex/amsfonts/umsb.fd
File: umsb.fd 2013/01/14 v3.01 AMS symbols B
)
LaTeX Font Info:    Trying to load font information for U+esint on input line 141.
 (c:/texlive/2023/texmf-dist/tex/latex/esint/uesint.fd
File: uesint.fd 
)
LaTeX Font Info:    Trying to load font information for U+rsfs on input line 141.
 (c:/texlive/2023/texmf-dist/tex/latex/jknapltx/ursfs.fd
File: ursfs.fd 1998/03/24 rsfs font definition file (jk)
) [1


] [2

] (./main.toc)
\tf@toc=\write6
\openout6 = `main.toc'.

 [3

]
\openout2 = `fl/a1.aux'.

 (./fl/a1.tex [4


]
Package hyperref Info: bookmark level for unknown exercise defaults to 0 on input line 14.
Package hyperref Info: bookmark level for unknown proof defaults to 0 on input line 17.
 [5

]) [6]
\openout2 = `fl/a2.aux'.

 (./fl/a2.tex
Package hyperref Info: bookmark level for unknown definition* defaults to 0 on input line 3.
Package hyperref Info: bookmark level for unknown proposition defaults to 0 on input line 32.
) [7



]
\openout2 = `fl/a3.aux'.

 (./fl/a3.tex)
\openout2 = `fl/a4.aux'.

 (./fl/a4.tex)
\openout2 = `fl/a5.aux'.

 (./fl/a5.tex)
\openout2 = `fl/a6.aux'.

 (./fl/a6.tex) [8















] [9

] [10] (./main.aux (./fl/a1.aux) (./fl/a2.aux) (./fl/a3.aux) (./fl/a4.aux) (./fl/a5.aux) (./fl/a6.aux))
Package rerunfilecheck Info: File `main.out' has not changed.
(rerunfilecheck)             Checksum: 1758713D1FE9CC786D7542FE85021EE9;365.
 ) 
Here is how much of TeX's memory you used:
 43145 strings out of 476683
 964981 string characters out of 5807574
 1870012 words of memory out of 5000000
 62595 multiletter control sequences out of 15000+600000
 528765 words of font info for 147 fonts, out of 8000000 for 9000
 1348 hyphenation exceptions out of 8191
 148i,19n,157p,1216b,967s stack positions out of 10000i,1000n,20000p,200000b,200000s

Output written on main.pdf (10 pages).
