\BOOKMARK [-1][-]{part.1}{\376\377\173\054\116\000\220\350\122\006\000\040\127\372\170\100\151\202\137\365}{}% 1
\BOOKMARK [0][-]{chapter.1}{\376\377\173\054\116\000\172\340\000\040\173\200\116\313\116\016\151\202\217\360}{part.1}% 2
\BOOKMARK [1][-]{section.1.1}{\376\377\0001\000.\0001\000\040\121\150\214\214}{chapter.1}% 3
\BOOKMARK [1][-]{section.1.2}{\376\377\0001\000.\0002\000\040\221\317\133\120\153\324\162\171}{chapter.1}% 4
\BOOKMARK [1][-]{section.1.3}{\376\377\0001\000.\0003\000\040\221\317\133\120\213\241\173\227}{chapter.1}% 5
\BOOKMARK [1][-]{section.1.4}{\376\377\0001\000.\0004\000\040\221\317\133\120\173\227\154\325}{chapter.1}% 6
\BOOKMARK [1][-]{section.1.5}{\376\377\0001\000.\0005\000\040\133\236\232\214\221\317\133\120\117\341\140\157\131\004\164\006}{chapter.1}% 7
\BOOKMARK [1][-]{section.1.6}{\376\377\0001\000.\0006\000\040\221\317\133\120\117\341\140\157}{chapter.1}% 8
\BOOKMARK [0][-]{chapter.2}{\376\377\173\054\116\214\172\340\000\040\221\317\133\120\122\233\133\146\137\025\213\272}{part.1}% 9
\BOOKMARK [1][-]{section.2.1}{\376\377\0002\000.\0001\000\040\176\277\140\047\116\343\145\160}{chapter.2}% 10
\BOOKMARK [1][-]{section.2.2}{\376\377\0002\000.\0002\000\040\221\317\133\120\122\233\133\146\166\204\120\107\213\276}{chapter.2}% 11
\BOOKMARK [1][-]{section.2.3}{\376\377\0002\000.\0003\000\040\136\224\165\050\000:\000\040\215\205\133\306\177\026\170\001}{chapter.2}% 12
\BOOKMARK [1][-]{section.2.4}{\376\377\0002\000.\0004\000\040\133\306\136\246\173\227\133\120}{chapter.2}% 13
\BOOKMARK [1][-]{section.2.5}{\376\377\0002\000.\0005\000\040\000S\000c\000h\000m\000i\000d\000t\122\006\211\343\116\016\176\257\123\026}{chapter.2}% 14
\BOOKMARK [1][-]{section.2.6}{\376\377\0002\000.\0006\000\040\000E\000P\000R\124\214\000B\000e\000l\000l\116\015\173\111\137\017}{chapter.2}% 15
\BOOKMARK [0][-]{chapter.3}{\376\377\173\054\116\011\172\340\000\040\213\241\173\227\147\072\171\321\133\146\173\200\116\313}{part.1}% 16
\BOOKMARK [1][-]{section.3.1}{\376\377\0003\000.\0001\000\040\213\241\173\227\152\041\127\213}{chapter.3}% 17
\BOOKMARK [1][-]{section.3.2}{\376\377\0003\000.\0002\000\040\213\241\173\227\225\356\230\230\166\204\122\006\147\220}{chapter.3}% 18
\BOOKMARK [1][-]{section.3.3}{\376\377\0003\000.\0003\000\040\121\163\116\216\213\241\173\227\171\321\133\146\166\204\211\302\160\271}{chapter.3}% 19
\BOOKMARK [-1][-]{part.2}{\376\377\173\054\116\214\220\350\122\006\000\040\221\317\133\120\213\241\173\227}{}% 20
\BOOKMARK [0][-]{chapter.4}{\376\377\173\054\126\333\172\340\000\040\221\317\133\120\165\065\215\357}{part.2}% 21
\BOOKMARK [1][-]{section.4.1}{\376\377\0004\000.\0001\000\040\221\317\133\120\173\227\154\325}{chapter.4}% 22
\BOOKMARK [1][-]{section.4.2}{\376\377\0004\000.\0002\000\040\123\125\221\317\133\120\153\324\162\171\144\315\117\134}{chapter.4}% 23
\BOOKMARK [1][-]{section.4.3}{\376\377\0004\000.\0003\000\040\123\327\143\247\144\315\117\134}{chapter.4}% 24
\BOOKMARK [1][-]{section.4.4}{\376\377\0004\000.\0004\000\040\155\113\221\317}{chapter.4}% 25
\BOOKMARK [1][-]{section.4.5}{\376\377\0004\000.\0005\000\040\220\032\165\050\221\317\133\120\225\350}{chapter.4}% 26
\BOOKMARK [1][-]{section.4.6}{\376\377\0004\000.\0006\000\040\221\317\133\120\213\241\173\227\165\065\215\357\152\041\127\213\140\073\176\323}{chapter.4}% 27
\BOOKMARK [1][-]{section.4.7}{\376\377\0004\000.\0007\000\040\221\317\133\120\174\373\176\337\166\204\152\041\142\337}{chapter.4}% 28
\BOOKMARK [0][-]{chapter.5}{\376\377\173\054\116\224\172\340\000\040\221\317\133\120\000F\000o\000u\000r\000i\000e\000r\123\330\143\142\123\312\121\166\136\224\165\050}{part.2}% 29
\BOOKMARK [1][-]{section.5.1}{\376\377\0005\000.\0001\000\040\221\317\133\120\000F\000o\000u\000r\000i\000e\000r\123\330\143\142}{chapter.5}% 30
\BOOKMARK [1][-]{section.5.2}{\376\377\0005\000.\0002\000\040\166\370\117\115\117\060\213\241}{chapter.5}% 31
\BOOKMARK [1][-]{section.5.3}{\376\377\0005\000.\0003\000\040\136\224\165\050\000:\000\040\154\102\226\066\116\016\126\340\133\120\122\006\211\343\225\356\230\230}{chapter.5}% 32
\BOOKMARK [1][-]{section.5.4}{\376\377\0005\000.\0004\000\040\221\317\133\120\000F\000o\000u\000r\000i\000e\000r\123\330\143\142\166\204\116\000\202\054\136\224\165\050}{chapter.5}% 33
\BOOKMARK [0][-]{chapter.6}{\376\377\173\054\121\155\172\340\000\040\221\317\133\120\144\034\175\042\173\227\154\325}{part.2}% 34
\BOOKMARK [1][-]{section.6.1}{\376\377\0006\000.\0001\000\040\221\317\133\120\144\034\175\042\173\227\154\325}{chapter.6}% 35
\BOOKMARK [1][-]{section.6.2}{\376\377\0006\000.\0002\000\040\117\134\116\072\221\317\133\120\152\041\142\337\166\204\221\317\133\120\144\034\175\042}{chapter.6}% 36
\BOOKMARK [1][-]{section.6.3}{\376\377\0006\000.\0003\000\040\221\317\133\120\213\241\145\160}{chapter.6}% 37
\BOOKMARK [1][-]{section.6.4}{\376\377\0006\000.\0004\000\040\000N\000P\133\214\121\150\225\356\230\230\211\343\166\204\122\240\220\037}{chapter.6}% 38
\BOOKMARK [1][-]{section.6.5}{\376\377\0006\000.\0005\000\040\145\340\176\323\147\204\145\160\143\156\136\223\166\204\221\317\133\120\144\034\175\042}{chapter.6}% 39
\BOOKMARK [1][-]{section.6.6}{\376\377\0006\000.\0006\000\040\144\034\175\042\173\227\154\325\166\204\147\000\117\030\140\047}{chapter.6}% 40
\BOOKMARK [1][-]{section.6.7}{\376\377\0006\000.\0007\000\040\236\321\166\322\173\227\154\325\166\204\147\201\226\120}{chapter.6}% 41
\BOOKMARK [0][-]{chapter.7}{\376\377\173\054\116\003\172\340\000\040\221\317\133\120\213\241\173\227\147\072\000:\000\040\162\151\164\006\133\236\163\260}{part.2}% 42
\BOOKMARK [1][-]{section.7.1}{\376\377\0007\000.\0001\000\040\143\007\133\374\140\047\123\237\122\031}{chapter.7}% 43
\BOOKMARK [1][-]{section.7.2}{\376\377\0007\000.\0002\000\040\221\317\133\120\213\241\173\227\166\204\147\141\116\366}{chapter.7}% 44
\BOOKMARK [1][-]{section.7.3}{\376\377\0007\000.\0003\000\040\214\020\143\057\133\120\221\317\133\120\213\241\173\227\147\072}{chapter.7}% 45
\BOOKMARK [1][-]{section.7.4}{\376\377\0007\000.\0004\000\040\121\111\133\146\121\111\221\317\133\120\213\241\173\227\147\072}{chapter.7}% 46
\BOOKMARK [1][-]{section.7.5}{\376\377\0007\000.\0005\000\040\121\111\133\146\201\124\221\317\133\120\165\065\122\250\122\233\133\146}{chapter.7}% 47
\BOOKMARK [1][-]{section.7.6}{\376\377\0007\000.\0006\000\040\171\273\133\120\226\061}{chapter.7}% 48
\BOOKMARK [1][-]{section.7.7}{\376\377\0007\000.\0007\000\040\150\070\170\301\121\161\143\057}{chapter.7}% 49
\BOOKMARK [1][-]{section.7.8}{\376\377\0007\000.\0008\000\040\121\166\116\326\133\236\163\260\145\271\150\110}{chapter.7}% 50
\BOOKMARK [-1][-]{part.3}{\376\377\173\054\116\011\220\350\122\006\000\040\221\317\133\120\117\341\140\157}{}% 51
\BOOKMARK [0][-]{chapter.8}{\376\377\173\054\121\153\172\340\000\040\221\317\133\120\126\152\130\360\116\016\221\317\133\120\144\315\117\134}{part.3}% 52
\BOOKMARK [1][-]{section.8.1}{\376\377\0008\000.\0001\000\040\176\317\121\170\126\152\130\360\116\016\000M\000a\000r\000k\000o\000v\217\307\172\013}{chapter.8}% 53
\BOOKMARK [1][-]{section.8.2}{\376\377\0008\000.\0002\000\040\221\317\133\120\144\315\117\134}{chapter.8}% 54
\BOOKMARK [1][-]{section.8.3}{\376\377\0008\000.\0003\000\040\221\317\133\120\126\152\130\360\116\016\221\317\133\120\144\315\117\134\166\204\117\213\133\120}{chapter.8}% 55
\BOOKMARK [1][-]{section.8.4}{\376\377\0008\000.\0004\000\040\221\317\133\120\144\315\117\134\166\204\136\224\165\050}{chapter.8}% 56
\BOOKMARK [1][-]{section.8.5}{\376\377\0008\000.\0005\000\040\221\317\133\120\144\315\117\134\137\142\137\017\117\123\174\373\166\204\134\100\226\120}{chapter.8}% 57
\BOOKMARK [0][-]{chapter.9}{\376\377\173\054\116\135\172\340\000\040\221\317\133\120\117\341\140\157\166\204\215\335\171\273\136\246\221\317}{part.3}% 58
\BOOKMARK [1][-]{section.9.1}{\376\377\0009\000.\0001\000\040\176\317\121\170\117\341\140\157\166\204\215\335\171\273\136\246\221\317}{chapter.9}% 59
\BOOKMARK [1][-]{section.9.2}{\376\377\0009\000.\0002\000\040\116\044\116\052\221\317\133\120\140\001\147\011\131\032\143\245\217\321}{chapter.9}% 60
\BOOKMARK [1][-]{section.9.3}{\376\377\0009\000.\0003\000\040\221\317\133\120\117\341\220\123\117\335\142\244\117\341\140\157\166\204\145\110\147\234\140\016\116\110\150\067}{chapter.9}% 61
\BOOKMARK [0][-]{chapter.10}{\376\377\173\054\123\101\172\340\000\040\221\317\133\120\176\240\225\031}{part.3}% 62
\BOOKMARK [1][-]{section.10.1}{\376\377\0001\0000\000.\0001\000\040\200\314\146\157\116\313\176\315}{chapter.10}% 63
\BOOKMARK [1][-]{section.10.2}{\376\377\0001\0000\000.\0002\000\040\000S\000h\000o\000r\177\026\170\001}{chapter.10}% 64
\BOOKMARK [1][-]{section.10.3}{\376\377\0001\0000\000.\0003\000\040\221\317\133\120\176\240\225\031\164\006\213\272}{chapter.10}% 65
\BOOKMARK [1][-]{section.10.4}{\376\377\0001\0000\000.\0004\000\040\147\204\220\040\221\317\133\120\177\026\170\001}{chapter.10}% 66
\BOOKMARK [1][-]{section.10.5}{\376\377\0001\0000\000.\0005\000\040\172\063\133\232\133\120\177\026\170\001}{chapter.10}% 67
\BOOKMARK [1][-]{section.10.6}{\376\377\0001\0000\000.\0006\000\040\133\271\225\031\221\317\133\120\213\241\173\227}{chapter.10}% 68
\BOOKMARK [0][-]{chapter.11}{\376\377\173\054\123\101\116\000\172\340\000\040\161\265\116\016\117\341\140\157}{part.3}% 69
\BOOKMARK [1][-]{section.11.1}{\376\377\0001\0001\000.\0001\000\040\000S\000h\000a\000n\000n\000o\000n\161\265}{chapter.11}% 70
\BOOKMARK [1][-]{section.11.2}{\376\377\0001\0001\000.\0002\000\040\161\265\166\204\127\372\147\054\140\047\215\050}{chapter.11}% 71
\BOOKMARK [1][-]{section.11.3}{\376\377\0001\0001\000.\0003\000\040\000v\000o\000n\000\040\000N\000e\000u\000m\000a\000n\000n\161\265}{chapter.11}% 72
\BOOKMARK [1][-]{section.11.4}{\376\377\0001\0001\000.\0004\000\040\137\072\153\041\123\357\122\240\140\047}{chapter.11}% 73
\BOOKMARK [0][-]{chapter.12}{\376\377\173\054\123\101\116\214\172\340\000\040\221\317\133\120\117\341\140\157\213\272}{part.3}% 74
\BOOKMARK [1][-]{section.12.1}{\376\377\0001\0002\000.\0001\000\040\221\317\133\120\140\001\166\204\123\072\122\006\116\016\123\357\217\276\117\341\140\157}{chapter.12}% 75
\BOOKMARK [1][-]{section.12.2}{\376\377\0001\0002\000.\0002\000\040\145\160\143\156\123\213\177\051}{chapter.12}% 76
\BOOKMARK [1][-]{section.12.3}{\376\377\0001\0002\000.\0003\000\040\126\152\130\360\117\341\220\123\116\012\166\204\176\317\121\170\117\341\140\157}{chapter.12}% 77
\BOOKMARK [1][-]{section.12.4}{\376\377\0001\0002\000.\0004\000\040\147\011\126\152\130\360\221\317\133\120\117\341\220\123\166\204\221\317\133\120\117\341\140\157}{chapter.12}% 78
\BOOKMARK [1][-]{section.12.5}{\376\377\0001\0002\000.\0005\000\040\117\134\116\072\116\000\171\315\162\151\164\006\215\104\156\220\166\204\176\240\177\040}{chapter.12}% 79
\BOOKMARK [1][-]{section.12.6}{\376\377\0001\0002\000.\0006\000\040\221\317\133\120\133\306\170\001\133\146}{chapter.12}% 80
\BOOKMARK [-1][-]{section.12.6}{\376\377\226\104\137\125}{}% 81
\BOOKMARK [0][-]{appendix.A}{\376\377\226\104\137\125\000\040\000A\000\040\151\202\163\207\213\272\127\372\170\100}{section.12.6}% 82
\BOOKMARK [0][-]{appendix.B}{\376\377\226\104\137\125\000\040\000B\000\040\177\244\213\272}{section.12.6}% 83
\BOOKMARK [1][-]{section.B.1}{\376\377\000B\000.\0001\000\040\127\372\147\054\133\232\116\111}{appendix.B}% 84
\BOOKMARK [0][-]{appendix.C}{\376\377\226\104\137\125\000\040\000C\000\040\000S\000o\000l\000o\000v\000a\000y\000-\000K\000i\000t\000a\000e\000v\133\232\164\006}{section.12.6}% 85
\BOOKMARK [0][-]{appendix.D}{\376\377\226\104\137\125\000\040\000D\000\040\145\160\213\272}{section.12.6}% 86
\BOOKMARK [0][-]{appendix.E}{\376\377\226\104\137\125\000\040\000E\000\040\121\154\224\245\133\306\170\001\124\214\000R\000S\000A\133\306\170\001\174\373\176\337}{section.12.6}% 87
\BOOKMARK [0][-]{appendix.F}{\376\377\226\104\137\125\000\040\000F\000\040\000L\000i\000e\000b\133\232\164\006\166\204\213\301\146\016}{section.12.6}% 88
